#
# There is insufficient memory for the Java Runtime Environment to continue.
# Native memory allocation (malloc) failed to allocate 32744 bytes for ChunkPool::allocate
# Possible reasons:
#   The system is out of physical RAM or swap space
#   In 32 bit mode, the process size limit was hit
# Possible solutions:
#   Reduce memory load on the system
#   Increase physical memory or swap space
#   Check if swap backing store is full
#   Use 64 bit Java on a 64 bit OS
#   Decrease Java heap size (-Xmx/-Xms)
#   Decrease number of Java threads
#   Decrease Java thread stack sizes (-Xss)
#   Set larger code cache with -XX:ReservedCodeCacheSize=
#
#  Out of Memory Error, pid=588372
# 
[error occurred during error reporting (printing stack bounds), id 0xc0000005]

Native frames: (J=compiled Java code, j=interpreted, Vv=VM code, C=native code)


Current CompileTask:
C1:   8764 2059       1       org.springframework.asm.ClassReader::readCode (3619 bytes)


---------------  P R O C E S S  ---------------

Java Threads: ( => current thread )
  0x000000001aa2d800 JavaThread "RMI TCP Connection(3)-127.0.0.1" daemon [_thread_in_native, id=595136, stack(0x000000001bad0000,0x000000001bbd0000)]
  0x000000001aa1d800 JavaThread "RMI Scheduler(0)" daemon [_thread_blocked, id=595956, stack(0x000000001b9d0000,0x000000001bad0000)]
  0x000000001aa0c800 JavaThread "RMI TCP Connection(1)-127.0.0.1" daemon [_thread_in_native, id=596220, stack(0x000000001b8d0000,0x000000001b9d0000)]
  0x000000001a889000 JavaThread "RMI TCP Accept-0" daemon [_thread_in_native, id=595636, stack(0x000000001b420000,0x000000001b520000)]
  0x000000001a877000 JavaThread "RMI TCP Accept-12560" daemon [_thread_in_native, id=574732, stack(0x000000001b320000,0x000000001b420000)]
  0x000000001a874800 JavaThread "RMI TCP Accept-0" daemon [_thread_in_native, id=588196, stack(0x000000001b220000,0x000000001b320000)]
  0x000000001a663800 JavaThread "Service Thread" daemon [_thread_blocked, id=594052, stack(0x000000001b120000,0x000000001b220000)]
=>0x000000001a5e8000 JavaThread "C1 CompilerThread3" daemon [_thread_in_native, id=558928, stack(0x000000001b020000,0x000000001b120000)]
  0x000000001a5cd800 JavaThread "C2 CompilerThread2" daemon [_thread_blocked, id=577344, stack(0x000000001af20000,0x000000001b020000)]
  0x000000001a5c2800 JavaThread "C2 CompilerThread1" daemon [_thread_blocked, id=71440, stack(0x000000001ae20000,0x000000001af20000)]
  0x000000001a5bf000 JavaThread "C2 CompilerThread0" daemon [_thread_blocked, id=581968, stack(0x000000001ad20000,0x000000001ae20000)]
  0x000000001a5b5000 JavaThread "Monitor Ctrl-Break" daemon [_thread_in_native, id=568520, stack(0x000000001ac20000,0x000000001ad20000)]
  0x0000000019d01000 JavaThread "Attach Listener" daemon [_thread_blocked, id=595160, stack(0x000000001a320000,0x000000001a420000)]
  0x0000000019d5b000 JavaThread "Signal Dispatcher" daemon [_thread_blocked, id=593276, stack(0x000000001a220000,0x000000001a320000)]
  0x0000000019ce1800 JavaThread "Finalizer" daemon [_thread_blocked, id=594120, stack(0x000000001a0c0000,0x000000001a1c0000)]
  0x0000000002d4e000 JavaThread "Reference Handler" daemon [_thread_blocked, id=592304, stack(0x0000000019bc0000,0x0000000019cc0000)]
  0x0000000002c59000 JavaThread "main" [_thread_in_Java, id=595880, stack(0x0000000002b20000,0x0000000002c20000)]

Other Threads:
  0x0000000017dd9800 VMThread [stack: 0x0000000019ac0000,0x0000000019bc0000] [id=592460]
  0x000000001a8a0800 WatcherThread [stack: 0x000000001b520000,0x000000001b620000] [id=592124]

VM state:not at safepoint (normal execution)

VM Mutex/Monitor currently owned by a thread: None

Heap:
 PSYoungGen      total 53248K, used 42997K [0x00000000d6300000, 0x00000000d9c80000, 0x0000000100000000)
  eden space 48128K, 78% used [0x00000000d6300000,0x00000000d8805738,0x00000000d9200000)
  from space 5120K, 99% used [0x00000000d9200000,0x00000000d96f8010,0x00000000d9700000)
  to   space 5120K, 0% used [0x00000000d9700000,0x00000000d9700000,0x00000000d9c00000)
 ParOldGen       total 55296K, used 8616K [0x0000000082800000, 0x0000000085e00000, 0x00000000d6300000)
  object space 55296K, 15% used [0x0000000082800000,0x000000008306a380,0x0000000085e00000)
 Metaspace       used 23966K, capacity 24928K, committed 24960K, reserved 1071104K
  class space    used 3207K, capacity 3438K, committed 3456K, reserved 1048576K

Card table byte_map: [0x0000000012280000,0x0000000012670000] byte_map_base: 0x0000000011e6c000

Marking Bits: (ParMarkBitMap*) 0x000000007238f860
 Begin Bits: [0x0000000013110000, 0x0000000015070000)
 End Bits:   [0x0000000015070000, 0x0000000016fd0000)

Polling page: 0x0000000002660000

CodeCache: size=245760Kb used=4382Kb max_used=4382Kb free=241377Kb
 bounds [0x0000000002ec0000, 0x0000000003310000, 0x0000000011ec0000]
 total_blobs=2461 nmethods=2053 adapters=319
 compilation: enabled

Compilation events (10 events):
Event: 8.750 Thread 0x000000001a5e8000 nmethod 2058 0x0000000003306e50 code [0x0000000003306fa0, 0x00000000033070b0]
Event: 8.750 Thread 0x000000001a5e8000 2056       1       org.springframework.core.ResolvableType$1::getGenerics (4 bytes)
Event: 8.750 Thread 0x000000001a5e8000 nmethod 2056 0x0000000003307110 code [0x0000000003307260, 0x0000000003307370]
Event: 8.750 Thread 0x000000001a5e8000 2057       1       org.springframework.core.ResolvableType::access$200 (4 bytes)
Event: 8.750 Thread 0x000000001a5e8000 nmethod 2057 0x00000000033073d0 code [0x0000000003307520, 0x0000000003307610]
Event: 8.750 Thread 0x000000001a5e8000 2053       1       java.util.Collections$SetFromMap::contains (11 bytes)
Event: 8.750 Thread 0x000000001a5e8000 nmethod 2053 0x0000000003307690 code [0x00000000033077e0, 0x0000000003307928]
Event: 8.750 Thread 0x000000001a5e8000 2055       1       org.springframework.core.type.classreading.ClassMetadataReadingVisitor::getClassName (5 bytes)
Event: 8.750 Thread 0x000000001a5e8000 nmethod 2055 0x0000000003307990 code [0x0000000003307ae0, 0x0000000003307bf0]
Event: 8.751 Thread 0x000000001a5e8000 2059       1       org.springframework.asm.ClassReader::readCode (3619 bytes)

GC Heap History (10 events):
Event: 5.792 GC heap before
{Heap before GC invocations=7 (full 1):
 PSYoungGen      total 53248K, used 6922K [0x00000000d6300000, 0x00000000d9c80000, 0x0000000100000000)
  eden space 48128K, 3% used [0x00000000d6300000,0x00000000d64c5ec0,0x00000000d9200000)
  from space 5120K, 99% used [0x00000000d9200000,0x00000000d96fca78,0x00000000d9700000)
  to   space 5120K, 0% used [0x00000000d9700000,0x00000000d9700000,0x00000000d9c00000)
 ParOldGen       total 55296K, used 5003K [0x0000000082800000, 0x0000000085e00000, 0x00000000d6300000)
  object space 55296K, 9% used [0x0000000082800000,0x0000000082ce2e40,0x0000000085e00000)
 Metaspace       used 20497K, capacity 21168K, committed 21296K, reserved 1069056K
  class space    used 2698K, capacity 2870K, committed 2944K, reserved 1048576K
Event: 5.797 GC heap after
Heap after GC invocations=7 (full 1):
 PSYoungGen      total 53248K, used 2560K [0x00000000d6300000, 0x00000000d9c80000, 0x0000000100000000)
  eden space 48128K, 0% used [0x00000000d6300000,0x00000000d6300000,0x00000000d9200000)
  from space 5120K, 50% used [0x00000000d9700000,0x00000000d9980020,0x00000000d9c00000)
  to   space 5120K, 0% used [0x00000000d9200000,0x00000000d9200000,0x00000000d9700000)
 ParOldGen       total 55296K, used 5011K [0x0000000082800000, 0x0000000085e00000, 0x00000000d6300000)
  object space 55296K, 9% used [0x0000000082800000,0x0000000082ce4e40,0x0000000085e00000)
 Metaspace       used 20497K, capacity 21168K, committed 21296K, reserved 1069056K
  class space    used 2698K, capacity 2870K, committed 2944K, reserved 1048576K
}
Event: 5.797 GC heap before
{Heap before GC invocations=8 (full 2):
 PSYoungGen      total 53248K, used 2560K [0x00000000d6300000, 0x00000000d9c80000, 0x0000000100000000)
  eden space 48128K, 0% used [0x00000000d6300000,0x00000000d6300000,0x00000000d9200000)
  from space 5120K, 50% used [0x00000000d9700000,0x00000000d9980020,0x00000000d9c00000)
  to   space 5120K, 0% used [0x00000000d9200000,0x00000000d9200000,0x00000000d9700000)
 ParOldGen       total 55296K, used 5011K [0x0000000082800000, 0x0000000085e00000, 0x00000000d6300000)
  object space 55296K, 9% used [0x0000000082800000,0x0000000082ce4e40,0x0000000085e00000)
 Metaspace       used 20497K, capacity 21168K, committed 21296K, reserved 1069056K
  class space    used 2698K, capacity 2870K, committed 2944K, reserved 1048576K
Event: 5.837 GC heap after
Heap after GC invocations=8 (full 2):
 PSYoungGen      total 53248K, used 0K [0x00000000d6300000, 0x00000000d9c80000, 0x0000000100000000)
  eden space 48128K, 0% used [0x00000000d6300000,0x00000000d6300000,0x00000000d9200000)
  from space 5120K, 0% used [0x00000000d9700000,0x00000000d9700000,0x00000000d9c00000)
  to   space 5120K, 0% used [0x00000000d9200000,0x00000000d9200000,0x00000000d9700000)
 ParOldGen       total 55296K, used 5824K [0x0000000082800000, 0x0000000085e00000, 0x00000000d6300000)
  object space 55296K, 10% used [0x0000000082800000,0x0000000082db0098,0x0000000085e00000)
 Metaspace       used 20495K, capacity 21162K, committed 21296K, reserved 1069056K
  class space    used 2697K, capacity 2869K, committed 2944K, reserved 1048576K
}
Event: 6.529 GC heap before
{Heap before GC invocations=9 (full 2):
 PSYoungGen      total 53248K, used 48128K [0x00000000d6300000, 0x00000000d9c80000, 0x0000000100000000)
  eden space 48128K, 100% used [0x00000000d6300000,0x00000000d9200000,0x00000000d9200000)
  from space 5120K, 0% used [0x00000000d9700000,0x00000000d9700000,0x00000000d9c00000)
  to   space 5120K, 0% used [0x00000000d9200000,0x00000000d9200000,0x00000000d9700000)
 ParOldGen       total 55296K, used 5824K [0x0000000082800000, 0x0000000085e00000, 0x00000000d6300000)
  object space 55296K, 10% used [0x0000000082800000,0x0000000082db0098,0x0000000085e00000)
 Metaspace       used 22907K, capacity 23720K, committed 24064K, reserved 1071104K
  class space    used 3037K, capacity 3222K, committed 3328K, reserved 1048576K
Event: 6.535 GC heap after
Heap after GC invocations=9 (full 2):
 PSYoungGen      total 53248K, used 3290K [0x00000000d6300000, 0x00000000d9c80000, 0x0000000100000000)
  eden space 48128K, 0% used [0x00000000d6300000,0x00000000d6300000,0x00000000d9200000)
  from space 5120K, 64% used [0x00000000d9200000,0x00000000d9536bd0,0x00000000d9700000)
  to   space 5120K, 0% used [0x00000000d9700000,0x00000000d9700000,0x00000000d9c00000)
 ParOldGen       total 55296K, used 5832K [0x0000000082800000, 0x0000000085e00000, 0x00000000d6300000)
  object space 55296K, 10% used [0x0000000082800000,0x0000000082db2098,0x0000000085e00000)
 Metaspace       used 22907K, capacity 23720K, committed 24064K, reserved 1071104K
  class space    used 3037K, capacity 3222K, committed 3328K, reserved 1048576K
}
Event: 8.425 GC heap before
{Heap before GC invocations=10 (full 2):
 PSYoungGen      total 53248K, used 51418K [0x00000000d6300000, 0x00000000d9c80000, 0x0000000100000000)
  eden space 48128K, 100% used [0x00000000d6300000,0x00000000d9200000,0x00000000d9200000)
  from space 5120K, 64% used [0x00000000d9200000,0x00000000d9536bd0,0x00000000d9700000)
  to   space 5120K, 0% used [0x00000000d9700000,0x00000000d9700000,0x00000000d9c00000)
 ParOldGen       total 55296K, used 5832K [0x0000000082800000, 0x0000000085e00000, 0x00000000d6300000)
  object space 55296K, 10% used [0x0000000082800000,0x0000000082db2098,0x0000000085e00000)
 Metaspace       used 23945K, capacity 24928K, committed 24960K, reserved 1071104K
  class space    used 3204K, capacity 3438K, committed 3456K, reserved 1048576K
Event: 8.435 GC heap after
Heap after GC invocations=10 (full 2):
 PSYoungGen      total 53248K, used 4703K [0x00000000d6300000, 0x00000000d9c80000, 0x0000000100000000)
  eden space 48128K, 0% used [0x00000000d6300000,0x00000000d6300000,0x00000000d9200000)
  from space 5120K, 91% used [0x00000000d9700000,0x00000000d9b97de8,0x00000000d9c00000)
  to   space 5120K, 0% used [0x00000000d9200000,0x00000000d9200000,0x00000000d9700000)
 ParOldGen       total 55296K, used 5840K [0x0000000082800000, 0x0000000085e00000, 0x00000000d6300000)
  object space 55296K, 10% used [0x0000000082800000,0x0000000082db4098,0x0000000085e00000)
 Metaspace       used 23945K, capacity 24928K, committed 24960K, reserved 1071104K
  class space    used 3204K, capacity 3438K, committed 3456K, reserved 1048576K
}
Event: 8.612 GC heap before
{Heap before GC invocations=11 (full 2):
 PSYoungGen      total 53248K, used 52831K [0x00000000d6300000, 0x00000000d9c80000, 0x0000000100000000)
  eden space 48128K, 100% used [0x00000000d6300000,0x00000000d9200000,0x00000000d9200000)
  from space 5120K, 91% used [0x00000000d9700000,0x00000000d9b97de8,0x00000000d9c00000)
  to   space 5120K, 0% used [0x00000000d9200000,0x00000000d9200000,0x00000000d9700000)
 ParOldGen       total 55296K, used 5840K [0x0000000082800000, 0x0000000085e00000, 0x00000000d6300000)
  object space 55296K, 10% used [0x0000000082800000,0x0000000082db4098,0x0000000085e00000)
 Metaspace       used 23961K, capacity 24928K, committed 24960K, reserved 1071104K
  class space    used 3206K, capacity 3438K, committed 3456K, reserved 1048576K
Event: 8.620 GC heap after
Heap after GC invocations=11 (full 2):
 PSYoungGen      total 53248K, used 5088K [0x00000000d6300000, 0x00000000d9c80000, 0x0000000100000000)
  eden space 48128K, 0% used [0x00000000d6300000,0x00000000d6300000,0x00000000d9200000)
  from space 5120K, 99% used [0x00000000d9200000,0x00000000d96f8010,0x00000000d9700000)
  to   space 5120K, 0% used [0x00000000d9700000,0x00000000d9700000,0x00000000d9c00000)
 ParOldGen       total 55296K, used 8616K [0x0000000082800000, 0x0000000085e00000, 0x00000000d6300000)
  object space 55296K, 15% used [0x0000000082800000,0x000000008306a380,0x0000000085e00000)
 Metaspace       used 23961K, capacity 24928K, committed 24960K, reserved 1071104K
  class space    used 3206K, capacity 3438K, committed 3456K, reserved 1048576K
}

Deoptimization events (0 events):
No events

Classes redefined (0 events):
No events

Internal exceptions (10 events):
Event: 8.164 Thread 0x0000000002c59000 Exception <a 'java/lang/ArrayIndexOutOfBoundsException'> (0x00000000d74cb478) thrown at [C:\re\workspace\8-2-build-windows-amd64-cygwin\jdk8u161\10277\hotspot\src\share\vm\runtime\sharedRuntime.cpp, line 605]
Event: 8.166 Thread 0x0000000002c59000 Exception <a 'java/lang/ArrayIndexOutOfBoundsException'> (0x00000000d74e2fe0) thrown at [C:\re\workspace\8-2-build-windows-amd64-cygwin\jdk8u161\10277\hotspot\src\share\vm\runtime\sharedRuntime.cpp, line 605]
Event: 8.223 Thread 0x0000000002c59000 Exception <a 'java/lang/ClassNotFoundException': java/lang/ObjectCustomizer> (0x00000000d77de8d0) thrown at [C:\re\workspace\8-2-build-windows-amd64-cygwin\jdk8u161\10277\hotspot\src\share\vm\classfile\systemDictionary.cpp, line 210]
Event: 8.224 Thread 0x0000000002c59000 Exception <a 'java/lang/ClassNotFoundException': org/springframework/context/annotation/ConfigurationClassPostProcessorCustomizer> (0x00000000d7807c50) thrown at [C:\re\workspace\8-2-build-windows-amd64-cygwin\jdk8u161\10277\hotspot\src\share\vm\classfile
Event: 8.227 Thread 0x0000000002c59000 Exception <a 'java/lang/ClassNotFoundException': org/springframework/beans/factory/support/BeanDefinitionRegistryPostProcessorCustomizer> (0x00000000d7841f80) thrown at [C:\re\workspace\8-2-build-windows-amd64-cygwin\jdk8u161\10277\hotspot\src\share\vm\cl
Event: 8.228 Thread 0x0000000002c59000 Exception <a 'java/lang/ClassNotFoundException': org/springframework/core/PriorityOrderedCustomizer> (0x00000000d785d140) thrown at [C:\re\workspace\8-2-build-windows-amd64-cygwin\jdk8u161\10277\hotspot\src\share\vm\classfile\systemDictionary.cpp, line 21
Event: 8.229 Thread 0x0000000002c59000 Exception <a 'java/lang/ClassNotFoundException': org/springframework/context/ResourceLoaderAwareCustomizer> (0x00000000d787a118) thrown at [C:\re\workspace\8-2-build-windows-amd64-cygwin\jdk8u161\10277\hotspot\src\share\vm\classfile\systemDictionary.cpp, 
Event: 8.230 Thread 0x0000000002c59000 Exception <a 'java/lang/ClassNotFoundException': org/springframework/beans/factory/BeanClassLoaderAwareCustomizer> (0x00000000d789b050) thrown at [C:\re\workspace\8-2-build-windows-amd64-cygwin\jdk8u161\10277\hotspot\src\share\vm\classfile\systemDictionar
Event: 8.231 Thread 0x0000000002c59000 Exception <a 'java/lang/ClassNotFoundException': org/springframework/context/EnvironmentAwareCustomizer> (0x00000000d78b8268) thrown at [C:\re\workspace\8-2-build-windows-amd64-cygwin\jdk8u161\10277\hotspot\src\share\vm\classfile\systemDictionary.cpp, lin
Event: 8.289 Thread 0x000000001aa2d800 Exception <a 'java/lang/reflect/InvocationTargetException'> (0x00000000d68a4920) thrown at [C:\re\workspace\8-2-build-windows-amd64-cygwin\jdk8u161\10277\hotspot\src\share\vm\runtime\reflection.cpp, line 1092]

Events (10 events):
Event: 8.512 loading class org/springframework/core/io/FileSystemResource
Event: 8.512 loading class org/springframework/core/io/FileSystemResource done
Event: 8.612 Executing VM operation: ParallelGCFailedAllocation
Event: 8.620 Executing VM operation: ParallelGCFailedAllocation done
Event: 8.678 Executing VM operation: BulkRevokeBias
Event: 8.678 Executing VM operation: BulkRevokeBias done
Event: 8.737 Executing VM operation: BulkRevokeBias
Event: 8.737 Executing VM operation: BulkRevokeBias done
Event: 8.749 loading class org/springframework/core/type/classreading/ClassMetadataReadingVisitor$EmptyMethodVisitor
Event: 8.749 loading class org/springframework/core/type/classreading/ClassMetadataReadingVisitor$EmptyMethodVisitor done


Dynamic libraries:
0x00007ff6f0900000 - 0x00007ff6f0937000 	C:\Program Files\Java\jdk1.8.0_161\bin\java.exe
0x00007ff93eae0000 - 0x00007ff93ecd0000 	C:\WINDOWS\SYSTEM32\ntdll.dll
0x00007ff93cd40000 - 0x00007ff93cdf2000 	C:\WINDOWS\System32\KERNEL32.DLL
0x00007ff93c6b0000 - 0x00007ff93c953000 	C:\WINDOWS\System32\KERNELBASE.dll
0x00007ff93e880000 - 0x00007ff93e923000 	C:\WINDOWS\System32\ADVAPI32.dll
0x00007ff93d450000 - 0x00007ff93d4ee000 	C:\WINDOWS\System32\msvcrt.dll
0x00007ff93d920000 - 0x00007ff93d9b7000 	C:\WINDOWS\System32\sechost.dll
0x00007ff93d6c0000 - 0x00007ff93d7e0000 	C:\WINDOWS\System32\RPCRT4.dll
0x00007ff93d9c0000 - 0x00007ff93db54000 	C:\WINDOWS\System32\USER32.dll
0x00007ff93c9e0000 - 0x00007ff93ca01000 	C:\WINDOWS\System32\win32u.dll
0x00007ff93d7e0000 - 0x00007ff93d806000 	C:\WINDOWS\System32\GDI32.dll
0x00007ff93bb60000 - 0x00007ff93bcf4000 	C:\WINDOWS\System32\gdi32full.dll
0x00007ff93ba70000 - 0x00007ff93bb0e000 	C:\WINDOWS\System32\msvcp_win.dll
0x00007ff93ca10000 - 0x00007ff93cb0a000 	C:\WINDOWS\System32\ucrtbase.dll
0x00007ff93ae90000 - 0x00007ff93b115000 	C:\WINDOWS\WinSxS\amd64_microsoft.windows.common-controls_6595b64144ccf1df_6.0.18362.592_none_e6c0b1911312be02\COMCTL32.dll
0x00007ff93e470000 - 0x00007ff93e7a6000 	C:\WINDOWS\System32\combase.dll
0x00007ff93c960000 - 0x00007ff93c9e0000 	C:\WINDOWS\System32\bcryptPrimitives.dll
0x00007ff93ea70000 - 0x00007ff93ea9e000 	C:\WINDOWS\System32\IMM32.DLL
0x0000000073080000 - 0x0000000073152000 	C:\Program Files\Java\jdk1.8.0_161\jre\bin\msvcr100.dll
0x0000000071b70000 - 0x000000007240f000 	C:\Program Files\Java\jdk1.8.0_161\jre\bin\server\jvm.dll
0x00007ff93d440000 - 0x00007ff93d448000 	C:\WINDOWS\System32\PSAPI.DLL
0x00007ff92dd70000 - 0x00007ff92dd79000 	C:\WINDOWS\SYSTEM32\WSOCK32.dll
0x00007ff934bd0000 - 0x00007ff934bda000 	C:\WINDOWS\SYSTEM32\VERSION.dll
0x00007ff92e010000 - 0x00007ff92e034000 	C:\WINDOWS\SYSTEM32\WINMM.dll
0x00007ff93d4f0000 - 0x00007ff93d55f000 	C:\WINDOWS\System32\WS2_32.dll
0x00007ff92dfe0000 - 0x00007ff92e00d000 	C:\WINDOWS\SYSTEM32\winmmbase.dll
0x00007ff93bb10000 - 0x00007ff93bb5a000 	C:\WINDOWS\System32\cfgmgr32.dll
0x0000000073070000 - 0x000000007307f000 	C:\Program Files\Java\jdk1.8.0_161\jre\bin\verify.dll
0x0000000073040000 - 0x0000000073069000 	C:\Program Files\Java\jdk1.8.0_161\jre\bin\java.dll
0x0000000072ff0000 - 0x0000000073013000 	C:\Program Files\Java\jdk1.8.0_161\jre\bin\instrument.dll
0x0000000073020000 - 0x0000000073036000 	C:\Program Files\Java\jdk1.8.0_161\jre\bin\zip.dll
0x00007ff93dd80000 - 0x00007ff93e465000 	C:\WINDOWS\System32\SHELL32.dll
0x00007ff93e9c0000 - 0x00007ff93ea69000 	C:\WINDOWS\System32\shcore.dll
0x00007ff93bf30000 - 0x00007ff93c6af000 	C:\WINDOWS\System32\windows.storage.dll
0x00007ff93ba50000 - 0x00007ff93ba6f000 	C:\WINDOWS\System32\profapi.dll
0x00007ff93b9c0000 - 0x00007ff93ba0a000 	C:\WINDOWS\System32\powrprof.dll
0x00007ff93b9b0000 - 0x00007ff93b9c0000 	C:\WINDOWS\System32\UMPDC.dll
0x00007ff93d360000 - 0x00007ff93d3b2000 	C:\WINDOWS\System32\shlwapi.dll
0x00007ff93ba10000 - 0x00007ff93ba21000 	C:\WINDOWS\System32\kernel.appcore.dll
0x00007ff93cb10000 - 0x00007ff93cb27000 	C:\WINDOWS\System32\cryptsp.dll
0x00007ff92f270000 - 0x00007ff92f28a000 	D:\developer_tools\IntelliJ IDEA 2017.3.1\bin\breakgen64.dll
0x0000000072fd0000 - 0x0000000072fea000 	C:\Program Files\Java\jdk1.8.0_161\jre\bin\net.dll
0x00007ff93aba0000 - 0x00007ff93ac07000 	C:\WINDOWS\system32\mswsock.dll
0x0000000072fa0000 - 0x0000000072fad000 	C:\Program Files\Java\jdk1.8.0_161\jre\bin\management.dll
0x0000000072fb0000 - 0x0000000072fc1000 	C:\Program Files\Java\jdk1.8.0_161\jre\bin\nio.dll
0x00007ff927d30000 - 0x00007ff927d46000 	C:\WINDOWS\system32\napinsp.dll
0x00007ff927ca0000 - 0x00007ff927cba000 	C:\WINDOWS\system32\pnrpnsp.dll
0x00007ff93a8f0000 - 0x00007ff93a9ba000 	C:\WINDOWS\SYSTEM32\DNSAPI.dll
0x00007ff93e930000 - 0x00007ff93e938000 	C:\WINDOWS\System32\NSI.dll
0x00007ff93a8b0000 - 0x00007ff93a8ea000 	C:\WINDOWS\SYSTEM32\IPHLPAPI.DLL
0x00007ff926620000 - 0x00007ff92662e000 	C:\WINDOWS\System32\winrnr.dll
0x00007ff9372e0000 - 0x00007ff9372fc000 	C:\WINDOWS\system32\NLAapi.dll
0x00007ff936360000 - 0x00007ff936375000 	C:\WINDOWS\system32\wshbth.dll
0x00007ff9302d0000 - 0x00007ff9302da000 	C:\Windows\System32\rasadhlp.dll
0x00007ff9329e0000 - 0x00007ff932a57000 	C:\WINDOWS\System32\fwpuclnt.dll
0x00007ff93be50000 - 0x00007ff93be76000 	C:\WINDOWS\System32\bcrypt.dll
0x00007ff93a710000 - 0x00007ff93a743000 	C:\WINDOWS\system32\rsaenh.dll
0x00007ff93b8d0000 - 0x00007ff93b8f5000 	C:\WINDOWS\SYSTEM32\USERENV.dll
0x00007ff93ad70000 - 0x00007ff93ad7c000 	C:\WINDOWS\SYSTEM32\CRYPTBASE.dll
0x00007ff932d20000 - 0x00007ff932d36000 	C:\WINDOWS\SYSTEM32\dhcpcsvc6.DLL
0x00007ff9333d0000 - 0x00007ff9333ec000 	C:\WINDOWS\SYSTEM32\dhcpcsvc.DLL

VM Arguments:
jvm_args: -XX:TieredStopAtLevel=1 -Xverify:none -Dspring.output.ansi.enabled=always -Dcom.sun.management.jmxremote -Dcom.sun.management.jmxremote.port=12560 -Dcom.sun.management.jmxremote.authenticate=false -Dcom.sun.management.jmxremote.ssl=false -Djava.rmi.server.hostname=localhost -Dspring.liveBeansView.mbeanDomain -Dspring.application.admin.enabled=true -javaagent:D:\developer_tools\IntelliJ IDEA 2017.3.1\lib\idea_rt.jar=12561:D:\developer_tools\IntelliJ IDEA 2017.3.1\bin -Dfile.encoding=UTF-8 
java_command: com.ConsumerApplication
java_class_path (initial): C:\Program Files\Java\jdk1.8.0_161\jre\lib\charsets.jar;C:\Program Files\Java\jdk1.8.0_161\jre\lib\deploy.jar;C:\Program Files\Java\jdk1.8.0_161\jre\lib\ext\access-bridge-64.jar;C:\Program Files\Java\jdk1.8.0_161\jre\lib\ext\cldrdata.jar;C:\Program Files\Java\jdk1.8.0_161\jre\lib\ext\dnsns.jar;C:\Program Files\Java\jdk1.8.0_161\jre\lib\ext\jaccess.jar;C:\Program Files\Java\jdk1.8.0_161\jre\lib\ext\jfxrt.jar;C:\Program Files\Java\jdk1.8.0_161\jre\lib\ext\localedata.jar;C:\Program Files\Java\jdk1.8.0_161\jre\lib\ext\nashorn.jar;C:\Program Files\Java\jdk1.8.0_161\jre\lib\ext\sunec.jar;C:\Program Files\Java\jdk1.8.0_161\jre\lib\ext\sunjce_provider.jar;C:\Program Files\Java\jdk1.8.0_161\jre\lib\ext\sunmscapi.jar;C:\Program Files\Java\jdk1.8.0_161\jre\lib\ext\sunpkcs11.jar;C:\Program Files\Java\jdk1.8.0_161\jre\lib\ext\zipfs.jar;C:\Program Files\Java\jdk1.8.0_161\jre\lib\javaws.jar;C:\Program Files\Java\jdk1.8.0_161\jre\lib\jce.jar;C:\Program Files\Java\jdk1.8.0_161\jre\lib\jfr.jar;C:\Program Files\Java\jdk1.8.0_161\jre\lib\jfxswt.jar;C:\Program Files\Java\jdk1.8.0_161\jre\lib\jsse.jar;C:\Program Files\Java\jdk1.8.0_161\jre\lib\management-agent.jar;C:\Program Files\Java\jdk1.8.0_161\jre\lib\plugin.jar;C:\Program Files\Java\jdk1.8.0_161\jre\lib\resources.jar;C:\Program Files\Java\jdk1.8.0_161\jre\lib\rt.jar;C:\Users\13414\IdeaProjects\springcloud\consumer\target\classes;C:\Users\13414\.m2\repository\org\springframework\cloud\spring-cloud-starter-netflix-eureka-client\2.0.2.RELEASE\spring-cloud-starter-netflix-eureka-client-2.0.2.RELEASE.jar;C:\Users\13414\.m2\repository\org\springframework\cloud\spring-cloud-starter\2.0.2.RELEASE\spring-cloud-starter-2.0.2.RELEASE.jar;C:\Users\13414\.m2\repository\org\springframework\cloud\spring-cloud-context\2.0.2.RELEASE\spring-cloud-context-2.0.2.RELEASE.jar;C:\Users\13414\.m2\repository\org\springframework\security\spring-security-crypto\5.0.10.RELEASE\spring-security-crypto-5.0.10.RELEASE.jar;C:\Users\134
Launcher Type: SUN_STANDARD

Environment Variables:
JAVA_HOME=C:\Program Files\Java\jdk1.8.0_161
CLASSPATH=.;C:\Program Files\Java\jdk1.8.0_161\lib;C:\Program Files\Java\jdk1.8.0_161\lib\tools.jar
PATH=C:\WINDOWS\system32;C:\WINDOWS;C:\WINDOWS\System32\Wbem;C:\WINDOWS\system32\cmd.exe;C:\Program Files\Java\jdk1.8.0_161\bin;C:\Program Files\Java\jdk1.8.0_161\jre\bin;D:\developer_tools\Git\Git\cmd;D:\developer_tools\node-v10.15.3-x64\;D:\developer_tools\MongoDB\Server\3.2\bin;C:\Program Files (x86)\NVIDIA Corporation\PhysX\Common;C:\Program Files\NVIDIA Corporation\NVIDIA NvDLISR;D:\phpstudy_pro\Extensions\php\php7.3.4nts;C:\ProgramData\ComposerSetup\bin;C:\Program Files (x86)\Intel\Intel(R) Management Engine Components\DAL;C:\Program Files\Intel\Intel(R) Management Engine Components\DAL;C:\WINDOWS\system32;C:\WINDOWS;C:\WINDOWS\System32\Wbem;C:\WINDOWS\System32\WindowsPowerShell\v1.0\;C:\WINDOWS\System32\OpenSSH\;C:\Program Files\Intel\WiFi\bin\;C:\Program Files\Common Files\Intel\WirelessCommon\;C:\Program Files\MySQL\MySQL Server 5.7\bin;D:\developer_tools\gradle-2.13\bin;D:\developer_tools\protoc-3.3.0-win32\bin;D:\developer_tools\Thrift;D:\developer_tools\apache-maven-3.0.5\bin;C:\Users\13414\AppData\Local\Microsoft\WindowsApps;C:\Users\13414\AppData\Local\atom\bin;D:\developer_tools\WebStorm-2018.3.5\WebStorm 2018.3.5\bin;;C:\Users\13414\AppData\Roaming\npm;C:\Users\13414\AppData\Roaming\Composer\vendor\bin;D:\developer_tools\phpstudy_pro\Extensions\php\php7.3.4nts;C:\Users\13414\AppData\Local\Microsoft\WindowsApps;C:\Program Files\MySQL\MySQL Server 5.7\bin;D:\developer_tools\protoc-3.3.0-win32\bin;D:\developer_tools\gradle-2.13\bin;C:\Program Files\Java\jdk1.8.0_161\bin;
USERNAME=13414
OS=Windows_NT
PROCESSOR_IDENTIFIER=Intel64 Family 6 Model 142 Stepping 10, GenuineIntel



---------------  S Y S T E M  ---------------

OS: Windows 10.0 , 64 bit Build 18362 (10.0.18362.329)

CPU:total 8 (initial active 8) (4 cores per cpu, 2 threads per core) family 6 model 142 stepping 10, cmov, cx8, fxsr, mmx, sse, sse2, sse3, ssse3, sse4.1, sse4.2, popcnt, avx, avx2, aes, clmul, erms, 3dnowpref, lzcnt, ht, tsc, tscinvbit, bmi1, bmi2, adx

Memory: 4k page, physical 8218476k(334196k free), swap 33384300k(8k free)

vm_info: Java HotSpot(TM) 64-Bit Server VM (25.161-b12) for windows-amd64 JRE (1.8.0_161-b12), built on Dec 19 2017 17:52:25 by "java_re" with MS VC++ 10.0 (VS2010)

time: Wed Feb 12 12:01:36 2020
elapsed time: 8 seconds (0d 0h 0m 8s)

