#
# There is insufficient memory for the Java Runtime Environment to continue.
# Native memory allocation (malloc) failed to allocate 1048576 bytes for AllocateHeap
# Possible reasons:
#   The system is out of physical RAM or swap space
#   In 32 bit mode, the process size limit was hit
# Possible solutions:
#   Reduce memory load on the system
#   Increase physical memory or swap space
#   Check if swap backing store is full
#   Use 64 bit Java on a 64 bit OS
#   Decrease Java heap size (-Xmx/-Xms)
#   Decrease number of Java threads
#   Decrease Java thread stack sizes (-Xss)
#   Set larger code cache with -XX:ReservedCodeCacheSize=
# This output file may be truncated or incomplete.
#
#  Out of Memory Error (memory/allocation.inline.hpp:61), pid=595716, tid=0x0000000000091780
#
# JRE version:  (8.0_161-b12) (build )
# Java VM: Java HotSpot(TM) 64-Bit Server VM (25.161-b12 mixed mode windows-amd64 compressed oops)
# Failed to write core dump. Minidumps are not enabled by default on client versions of Windows
#

---------------  T H R E A D  ---------------

Current thread (0x0000000002cd9000):  JavaThread "Unknown thread" [_thread_in_vm, id=595840, stack(0x0000000002bd0000,0x0000000002cd0000)]

Stack: [0x0000000002bd0000,0x0000000002cd0000]
[error occurred during error reporting (printing stack bounds), id 0xc0000005]

Native frames: (J=compiled Java code, j=interpreted, Vv=VM code, C=native code)


---------------  P R O C E S S  ---------------

Java Threads: ( => current thread )

Other Threads:

=>0x0000000002cd9000 (exited) JavaThread "Unknown thread" [_thread_in_vm, id=595840, stack(0x0000000002bd0000,0x0000000002cd0000)]

VM state:not at safepoint (normal execution)

VM Mutex/Monitor currently owned by a thread: None

Heap:
 PSYoungGen      total 37888K, used 655K [0x00000000d6300000, 0x00000000d8d00000, 0x0000000100000000)
  eden space 32768K, 2% used [0x00000000d6300000,0x00000000d63a3d80,0x00000000d8300000)
  from space 5120K, 0% used [0x00000000d8800000,0x00000000d8800000,0x00000000d8d00000)
  to   space 5120K, 0% used [0x00000000d8300000,0x00000000d8300000,0x00000000d8800000)
 ParOldGen       total 86016K, used 0K [0x0000000082800000, 0x0000000087c00000, 0x00000000d6300000)
  object space 86016K, 0% used [0x0000000082800000,0x0000000082800000,0x0000000087c00000)
 Metaspace       used 770K, capacity 4480K, committed 4480K, reserved 1056768K
  class space    used 75K, capacity 384K, committed 384K, reserved 1048576K

Card table byte_map: [0x0000000012380000,0x0000000012770000] byte_map_base: 0x0000000011f6c000

Marking Bits: (ParMarkBitMap*) 0x000000007238f860
 Begin Bits: [0x0000000013210000, 0x0000000015170000)
 End Bits:   [0x0000000015170000, 0x00000000170d0000)

Polling page: 0x00000000007f0000

CodeCache: size=245760Kb used=328Kb max_used=328Kb free=245431Kb
 bounds [0x0000000002fc0000, 0x0000000003230000, 0x0000000011fc0000]
 total_blobs=58 nmethods=0 adapters=38
 compilation: enabled

Compilation events (0 events):
No events

GC Heap History (0 events):
No events

Deoptimization events (0 events):
No events

Classes redefined (0 events):
No events

Internal exceptions (0 events):
No events

Events (10 events):
Event: 0.268 loading class java/lang/Short
Event: 0.269 loading class java/lang/Short done
Event: 0.269 loading class java/lang/Integer
Event: 0.269 loading class java/lang/Integer done
Event: 0.269 loading class java/lang/Long
Event: 0.270 loading class java/lang/Long done
Event: 0.272 loading class java/lang/NullPointerException
Event: 0.272 loading class java/lang/NullPointerException done
Event: 0.272 loading class java/lang/ArithmeticException
Event: 0.272 loading class java/lang/ArithmeticException done


Dynamic libraries:
0x00007ff6f0900000 - 0x00007ff6f0937000 	C:\Program Files\Java\jdk1.8.0_161\bin\java.exe
0x00007ff93eae0000 - 0x00007ff93ecd0000 	C:\WINDOWS\SYSTEM32\ntdll.dll
0x00007ff93cd40000 - 0x00007ff93cdf2000 	C:\WINDOWS\System32\KERNEL32.DLL
0x00007ff93c6b0000 - 0x00007ff93c953000 	C:\WINDOWS\System32\KERNELBASE.dll
0x00007ff93e880000 - 0x00007ff93e923000 	C:\WINDOWS\System32\ADVAPI32.dll
0x00007ff93d450000 - 0x00007ff93d4ee000 	C:\WINDOWS\System32\msvcrt.dll
0x00007ff93d920000 - 0x00007ff93d9b7000 	C:\WINDOWS\System32\sechost.dll
0x00007ff93d6c0000 - 0x00007ff93d7e0000 	C:\WINDOWS\System32\RPCRT4.dll
0x00007ff93d9c0000 - 0x00007ff93db54000 	C:\WINDOWS\System32\USER32.dll
0x00007ff93c9e0000 - 0x00007ff93ca01000 	C:\WINDOWS\System32\win32u.dll
0x00007ff93d7e0000 - 0x00007ff93d806000 	C:\WINDOWS\System32\GDI32.dll
0x00007ff93bb60000 - 0x00007ff93bcf4000 	C:\WINDOWS\System32\gdi32full.dll
0x00007ff93ba70000 - 0x00007ff93bb0e000 	C:\WINDOWS\System32\msvcp_win.dll
0x00007ff93ca10000 - 0x00007ff93cb0a000 	C:\WINDOWS\System32\ucrtbase.dll
0x00007ff93ae90000 - 0x00007ff93b115000 	C:\WINDOWS\WinSxS\amd64_microsoft.windows.common-controls_6595b64144ccf1df_6.0.18362.592_none_e6c0b1911312be02\COMCTL32.dll
0x00007ff93e470000 - 0x00007ff93e7a6000 	C:\WINDOWS\System32\combase.dll
0x00007ff93c960000 - 0x00007ff93c9e0000 	C:\WINDOWS\System32\bcryptPrimitives.dll
0x00007ff93ea70000 - 0x00007ff93ea9e000 	C:\WINDOWS\System32\IMM32.DLL
0x0000000073080000 - 0x0000000073152000 	C:\Program Files\Java\jdk1.8.0_161\jre\bin\msvcr100.dll
0x0000000071b70000 - 0x000000007240f000 	C:\Program Files\Java\jdk1.8.0_161\jre\bin\server\jvm.dll
0x00007ff93d440000 - 0x00007ff93d448000 	C:\WINDOWS\System32\PSAPI.DLL
0x00007ff92dd70000 - 0x00007ff92dd79000 	C:\WINDOWS\SYSTEM32\WSOCK32.dll
0x00007ff93d4f0000 - 0x00007ff93d55f000 	C:\WINDOWS\System32\WS2_32.dll
0x00007ff92e010000 - 0x00007ff92e034000 	C:\WINDOWS\SYSTEM32\WINMM.dll
0x00007ff934bd0000 - 0x00007ff934bda000 	C:\WINDOWS\SYSTEM32\VERSION.dll
0x00007ff92dfe0000 - 0x00007ff92e00d000 	C:\WINDOWS\SYSTEM32\WINMMBASE.dll
0x00007ff93bb10000 - 0x00007ff93bb5a000 	C:\WINDOWS\System32\cfgmgr32.dll
0x0000000073070000 - 0x000000007307f000 	C:\Program Files\Java\jdk1.8.0_161\jre\bin\verify.dll
0x0000000073040000 - 0x0000000073069000 	C:\Program Files\Java\jdk1.8.0_161\jre\bin\java.dll
0x0000000072ff0000 - 0x0000000073013000 	C:\Program Files\Java\jdk1.8.0_161\jre\bin\instrument.dll
0x0000000073020000 - 0x0000000073036000 	C:\Program Files\Java\jdk1.8.0_161\jre\bin\zip.dll

VM Arguments:
jvm_args: -XX:TieredStopAtLevel=1 -Xverify:none -Dspring.output.ansi.enabled=always -Dcom.sun.management.jmxremote -Dcom.sun.management.jmxremote.port=12526 -Dcom.sun.management.jmxremote.authenticate=false -Dcom.sun.management.jmxremote.ssl=false -Djava.rmi.server.hostname=localhost -Dspring.liveBeansView.mbeanDomain -Dspring.application.admin.enabled=true -javaagent:D:\developer_tools\IntelliJ IDEA 2017.3.1\lib\idea_rt.jar=12527:D:\developer_tools\IntelliJ IDEA 2017.3.1\bin -Dfile.encoding=UTF-8 
java_command: com.ConsumerApplication
java_class_path (initial): C:\Program Files\Java\jdk1.8.0_161\jre\lib\charsets.jar;C:\Program Files\Java\jdk1.8.0_161\jre\lib\deploy.jar;C:\Program Files\Java\jdk1.8.0_161\jre\lib\ext\access-bridge-64.jar;C:\Program Files\Java\jdk1.8.0_161\jre\lib\ext\cldrdata.jar;C:\Program Files\Java\jdk1.8.0_161\jre\lib\ext\dnsns.jar;C:\Program Files\Java\jdk1.8.0_161\jre\lib\ext\jaccess.jar;C:\Program Files\Java\jdk1.8.0_161\jre\lib\ext\jfxrt.jar;C:\Program Files\Java\jdk1.8.0_161\jre\lib\ext\localedata.jar;C:\Program Files\Java\jdk1.8.0_161\jre\lib\ext\nashorn.jar;C:\Program Files\Java\jdk1.8.0_161\jre\lib\ext\sunec.jar;C:\Program Files\Java\jdk1.8.0_161\jre\lib\ext\sunjce_provider.jar;C:\Program Files\Java\jdk1.8.0_161\jre\lib\ext\sunmscapi.jar;C:\Program Files\Java\jdk1.8.0_161\jre\lib\ext\sunpkcs11.jar;C:\Program Files\Java\jdk1.8.0_161\jre\lib\ext\zipfs.jar;C:\Program Files\Java\jdk1.8.0_161\jre\lib\javaws.jar;C:\Program Files\Java\jdk1.8.0_161\jre\lib\jce.jar;C:\Program Files\Java\jdk1.8.0_161\jre\lib\jfr.jar;C:\Program Files\Java\jdk1.8.0_161\jre\lib\jfxswt.jar;C:\Program Files\Java\jdk1.8.0_161\jre\lib\jsse.jar;C:\Program Files\Java\jdk1.8.0_161\jre\lib\management-agent.jar;C:\Program Files\Java\jdk1.8.0_161\jre\lib\plugin.jar;C:\Program Files\Java\jdk1.8.0_161\jre\lib\resources.jar;C:\Program Files\Java\jdk1.8.0_161\jre\lib\rt.jar;C:\Users\13414\IdeaProjects\springcloud\consumer\target\classes;C:\Users\13414\.m2\repository\org\springframework\cloud\spring-cloud-starter-netflix-eureka-client\2.0.2.RELEASE\spring-cloud-starter-netflix-eureka-client-2.0.2.RELEASE.jar;C:\Users\13414\.m2\repository\org\springframework\cloud\spring-cloud-starter\2.0.2.RELEASE\spring-cloud-starter-2.0.2.RELEASE.jar;C:\Users\13414\.m2\repository\org\springframework\cloud\spring-cloud-context\2.0.2.RELEASE\spring-cloud-context-2.0.2.RELEASE.jar;C:\Users\13414\.m2\repository\org\springframework\security\spring-security-crypto\5.0.10.RELEASE\spring-security-crypto-5.0.10.RELEASE.jar;C:\Users\134
Launcher Type: SUN_STANDARD

Environment Variables:
JAVA_HOME=C:\Program Files\Java\jdk1.8.0_161
CLASSPATH=.;C:\Program Files\Java\jdk1.8.0_161\lib;C:\Program Files\Java\jdk1.8.0_161\lib\tools.jar
PATH=C:\WINDOWS\system32;C:\WINDOWS;C:\WINDOWS\System32\Wbem;C:\WINDOWS\system32\cmd.exe;C:\Program Files\Java\jdk1.8.0_161\bin;C:\Program Files\Java\jdk1.8.0_161\jre\bin;D:\developer_tools\Git\Git\cmd;D:\developer_tools\node-v10.15.3-x64\;D:\developer_tools\MongoDB\Server\3.2\bin;C:\Program Files (x86)\NVIDIA Corporation\PhysX\Common;C:\Program Files\NVIDIA Corporation\NVIDIA NvDLISR;D:\phpstudy_pro\Extensions\php\php7.3.4nts;C:\ProgramData\ComposerSetup\bin;C:\Program Files (x86)\Intel\Intel(R) Management Engine Components\DAL;C:\Program Files\Intel\Intel(R) Management Engine Components\DAL;C:\WINDOWS\system32;C:\WINDOWS;C:\WINDOWS\System32\Wbem;C:\WINDOWS\System32\WindowsPowerShell\v1.0\;C:\WINDOWS\System32\OpenSSH\;C:\Program Files\Intel\WiFi\bin\;C:\Program Files\Common Files\Intel\WirelessCommon\;C:\Program Files\MySQL\MySQL Server 5.7\bin;D:\developer_tools\gradle-2.13\bin;D:\developer_tools\protoc-3.3.0-win32\bin;D:\developer_tools\Thrift;D:\developer_tools\apache-maven-3.0.5\bin;C:\Users\13414\AppData\Local\Microsoft\WindowsApps;C:\Users\13414\AppData\Local\atom\bin;D:\developer_tools\WebStorm-2018.3.5\WebStorm 2018.3.5\bin;;C:\Users\13414\AppData\Roaming\npm;C:\Users\13414\AppData\Roaming\Composer\vendor\bin;D:\developer_tools\phpstudy_pro\Extensions\php\php7.3.4nts;C:\Users\13414\AppData\Local\Microsoft\WindowsApps;C:\Program Files\MySQL\MySQL Server 5.7\bin;D:\developer_tools\protoc-3.3.0-win32\bin;D:\developer_tools\gradle-2.13\bin;C:\Program Files\Java\jdk1.8.0_161\bin;
USERNAME=13414
OS=Windows_NT
PROCESSOR_IDENTIFIER=Intel64 Family 6 Model 142 Stepping 10, GenuineIntel



---------------  S Y S T E M  ---------------

OS: Windows 10.0 , 64 bit Build 18362 (10.0.18362.329)

CPU:total 8 (initial active 8) (4 cores per cpu, 2 threads per core) family 6 model 142 stepping 10, cmov, cx8, fxsr, mmx, sse, sse2, sse3, ssse3, sse4.1, sse4.2, popcnt, avx, avx2, aes, clmul, erms, 3dnowpref, lzcnt, ht, tsc, tscinvbit, bmi1, bmi2, adx

Memory: 4k page, physical 8218476k(494356k free), swap 33384300k(5396k free)

vm_info: Java HotSpot(TM) 64-Bit Server VM (25.161-b12) for windows-amd64 JRE (1.8.0_161-b12), built on Dec 19 2017 17:52:25 by "java_re" with MS VC++ 10.0 (VS2010)

time: Wed Feb 12 12:00:57 2020
elapsed time: 0 seconds (0d 0h 0m 0s)

